<?xml version="1.0" encoding="UTF-8"?>
<!-- Generated by org.testng.reporters.JUnitXMLReporter -->
<testsuite ignored="1" hostname="DESKTOP-F5U4Q5S" failures="1" tests="3" name="Performance Tests" time="21.013" errors="0" timestamp="2026-02-05T15:04:51 IST">
  <testcase classname="com.philippinestradedata.tests.PerformanceTest" name="testMobilePageLoadTime" time="3.844">
    <failure type="java.lang.AssertionError" message="Mobile load time should be ≤ 2 seconds. Actual: 3.346 seconds expected [true] but found [false]">
      <![CDATA[java.lang.AssertionError: Mobile load time should be ≤ 2 seconds. Actual: 3.346 seconds expected [true] but found [false]
at com.philippinestradedata.tests.PerformanceTest.testMobilePageLoadTime(PerformanceTest.java:43)
at java.base/java.util.ArrayList.forEach(ArrayList.java:1596)
... Removed 28 stack frames]]>
    </failure>
  </testcase> <!-- testMobilePageLoadTime -->
  <testcase classname="com.philippinestradedata.tests.PerformanceTest" name="testDesktopPageLoadTime" time="2.401"/>
  <testcase classname="com.philippinestradedata.tests.PerformanceTest" name="identifyPerformanceIssues" time="3.176"/>
  <testcase classname="com.philippinestradedata.tests.PerformanceTest" name="testPerformanceAcrossDevices" time="0.0">
    <ignored/>
  </testcase> <!-- testPerformanceAcrossDevices -->
</testsuite> <!-- Performance Tests -->
