<?xml version="1.0" encoding="UTF-8"?>
<!-- Generated by org.testng.reporters.JUnitXMLReporter -->
<testsuite ignored="5" hostname="DESKTOP-F5U4Q5S" failures="0" tests="1" name="Responsiveness Tests" time="0.119" errors="0" timestamp="2026-02-05T15:04:30 IST">
  <testcase classname="com.philippinestradedata.base.BaseTest" name="@BeforeMethod setUp" time="0.014">
    <failure type="java.lang.NullPointerException" message="Cannot invoke &amp;quot;utils.ConfigReader.getProperty(String)&amp;quot; because &amp;quot;this.config&amp;quot; is null">
      <![CDATA[java.lang.NullPointerException: Cannot invoke "utils.ConfigReader.getProperty(String)" because "this.config" is null
at com.philippinestradedata.base.BaseTest.setUp(BaseTest.java:29)
at java.base/java.util.ArrayList.forEach(ArrayList.java:1596)
... Removed 29 stack frames]]>
    </failure>
  </testcase> <!-- @BeforeMethod setUp -->
  <testcase classname="com.philippinestradedata.base.BaseTest" name="@AfterMethod tearDown" time="0.0">
    <skipped/>
  </testcase> <!-- @AfterMethod tearDown -->
  <testcase classname="com.philippinestradedata.tests.ResponsivenessTest" name="testMobileResponsiveness" time="0.0">
    <skipped/>
  </testcase> <!-- testMobileResponsiveness -->
  <testcase classname="com.philippinestradedata.tests.ResponsivenessTest" name="testResponsiveDesignChecks" time="0.0">
    <ignored/>
  </testcase> <!-- testResponsiveDesignChecks -->
  <testcase classname="com.philippinestradedata.tests.ResponsivenessTest" name="testNavigationLinks" time="0.0">
    <ignored/>
  </testcase> <!-- testNavigationLinks -->
  <testcase classname="com.philippinestradedata.tests.ResponsivenessTest" name="testTouchFriendlyElements" time="0.0">
    <ignored/>
  </testcase> <!-- testTouchFriendlyElements -->
  <testcase classname="com.philippinestradedata.tests.ResponsivenessTest" name="testElementVisibility" time="0.0">
    <ignored/>
  </testcase> <!-- testElementVisibility -->
  <testcase classname="com.philippinestradedata.tests.ResponsivenessTest" name="testMobilePageLoadTime" time="0.0">
    <ignored/>
  </testcase> <!-- testMobilePageLoadTime -->
</testsuite> <!-- Responsiveness Tests -->
