<?xml version="1.0" encoding="UTF-8"?>
<testng-results ignored="0" total="6" passed="3" failed="3" skipped="0">
  <reporter-output>
  </reporter-output>
  <suite started-at="2026-02-05T17:18:26 IST" name="Default suite" finished-at="2026-02-05T17:19:10 IST" duration-ms="43835">
    <groups>
    </groups>
    <test started-at="2026-02-05T17:18:26 IST" name="Default test" finished-at="2026-02-05T17:19:10 IST" duration-ms="43835">
      <class name="com.philippinestradedata.tests.ResponsivenessTest">
        <test-method is-config="true" signature="beforeSuite()[pri:0, instance:com.philippinestradedata.tests.ResponsivenessTest@279fedbd]" started-at="2026-02-05T17:18:26 IST" name="beforeSuite" finished-at="2026-02-05T17:18:26 IST" duration-ms="13" status="PASS">
          <reporter-output>
          </reporter-output>
        </test-method> <!-- beforeSuite -->
        <test-method is-config="true" signature="setUp(java.lang.reflect.Method)[pri:0, instance:com.philippinestradedata.tests.ResponsivenessTest@279fedbd]" started-at="2026-02-05T17:18:26 IST" name="setUp" finished-at="2026-02-05T17:18:29 IST" duration-ms="2835" status="PASS">
          <params>
            <param index="0">
              <value>
                <![CDATA[public void com.philippinestradedata.tests.ResponsivenessTest.testMobileResponsiveness()]]>
              </value>
            </param>
          </params>
          <reporter-output>
          </reporter-output>
        </test-method> <!-- setUp -->
        <test-method signature="testMobileResponsiveness()[pri:1, instance:com.philippinestradedata.tests.ResponsivenessTest@279fedbd]" started-at="2026-02-05T17:18:29 IST" name="testMobileResponsiveness" description="Test homepage on mobile device" finished-at="2026-02-05T17:18:33 IST" duration-ms="3707" status="FAIL">
          <exception class="java.lang.AssertionError">
            <message>
              <![CDATA[Page title should contain 'Philippines Trade Data'. Actual: Philippines Customs Data for Import Export Market Research expected [true] but found [false]]]>
            </message>
            <full-stacktrace>
              <![CDATA[java.lang.AssertionError: Page title should contain 'Philippines Trade Data'. Actual: Philippines Customs Data for Import Export Market Research expected [true] but found [false]
at org.testng.Assert.fail(Assert.java:111)
at org.testng.Assert.failNotEquals(Assert.java:1590)
at org.testng.Assert.assertTrue(Assert.java:57)
at com.philippinestradedata.tests.ResponsivenessTest.testMobileResponsiveness(ResponsivenessTest.java:24)
at java.base/jdk.internal.reflect.DirectMethodHandleAccessor.invoke(DirectMethodHandleAccessor.java:103)
at java.base/java.lang.reflect.Method.invoke(Method.java:580)
at org.testng.internal.invokers.MethodInvocationHelper.invokeMethod(MethodInvocationHelper.java:141)
at org.testng.internal.invokers.TestInvoker.invokeMethod(TestInvoker.java:687)
at org.testng.internal.invokers.TestInvoker.invokeTestMethod(TestInvoker.java:230)
at org.testng.internal.invokers.MethodRunner.runInSequence(MethodRunner.java:63)
at org.testng.internal.invokers.TestInvoker$MethodInvocationAgent.invoke(TestInvoker.java:995)
at org.testng.internal.invokers.TestInvoker.invokeTestMethods(TestInvoker.java:203)
at org.testng.internal.invokers.TestMethodWorker.invokeTestMethods(TestMethodWorker.java:154)
at org.testng.internal.invokers.TestMethodWorker.run(TestMethodWorker.java:134)
at java.base/java.util.ArrayList.forEach(ArrayList.java:1596)
at org.testng.TestRunner.privateRun(TestRunner.java:741)
at org.testng.TestRunner.run(TestRunner.java:616)
at org.testng.SuiteRunner.runTest(SuiteRunner.java:421)
at org.testng.SuiteRunner.runSequentially(SuiteRunner.java:413)
at org.testng.SuiteRunner.privateRun(SuiteRunner.java:373)
at org.testng.SuiteRunner.run(SuiteRunner.java:312)
at org.testng.SuiteRunnerWorker.runSuite(SuiteRunnerWorker.java:52)
at org.testng.SuiteRunnerWorker.run(SuiteRunnerWorker.java:95)
at org.testng.TestNG.runSuitesSequentially(TestNG.java:1274)
at org.testng.TestNG.runSuitesLocally(TestNG.java:1208)
at org.testng.TestNG.runSuites(TestNG.java:1112)
at org.testng.TestNG.run(TestNG.java:1079)
at org.testng.remote.AbstractRemoteTestNG.run(AbstractRemoteTestNG.java:115)
at org.testng.remote.RemoteTestNG.initAndRun(RemoteTestNG.java:293)
at org.testng.remote.RemoteTestNG.main(RemoteTestNG.java:91)
]]>
            </full-stacktrace>
          </exception> <!-- java.lang.AssertionError -->
          <reporter-output>
          </reporter-output>
        </test-method> <!-- testMobileResponsiveness -->
        <test-method is-config="true" signature="tearDown(org.testng.ITestResult)[pri:0, instance:com.philippinestradedata.tests.ResponsivenessTest@279fedbd]" started-at="2026-02-05T17:18:33 IST" name="tearDown" finished-at="2026-02-05T17:18:33 IST" duration-ms="560" status="PASS">
          <params>
            <param index="0">
              <value>
                <![CDATA[[TestResult name=testMobileResponsiveness status=FAILURE method=ResponsivenessTest.testMobileResponsiveness()[pri:1, instance:com.philippinestradedata.tests.ResponsivenessTest@279fedbd] output={null}]]]>
              </value>
            </param>
          </params>
          <reporter-output>
          </reporter-output>
        </test-method> <!-- tearDown -->
        <test-method is-config="true" signature="setUp(java.lang.reflect.Method)[pri:0, instance:com.philippinestradedata.tests.ResponsivenessTest@279fedbd]" started-at="2026-02-05T17:18:33 IST" name="setUp" finished-at="2026-02-05T17:18:35 IST" duration-ms="1284" status="PASS">
          <params>
            <param index="0">
              <value>
                <![CDATA[public void com.philippinestradedata.tests.ResponsivenessTest.testMobilePageLoadTime()]]>
              </value>
            </param>
          </params>
          <reporter-output>
          </reporter-output>
        </test-method> <!-- setUp -->
        <test-method signature="testMobilePageLoadTime()[pri:2, instance:com.philippinestradedata.tests.ResponsivenessTest@279fedbd]" started-at="2026-02-05T17:18:35 IST" name="testMobilePageLoadTime" description="Test page load time on mobile" finished-at="2026-02-05T17:18:38 IST" duration-ms="3612" status="FAIL">
          <exception class="java.lang.AssertionError">
            <message>
              <![CDATA[Mobile load time should be ≤ 2 seconds. Actual: 3.173 seconds expected [true] but found [false]]]>
            </message>
            <full-stacktrace>
              <![CDATA[java.lang.AssertionError: Mobile load time should be ≤ 2 seconds. Actual: 3.173 seconds expected [true] but found [false]
at org.testng.Assert.fail(Assert.java:111)
at org.testng.Assert.failNotEquals(Assert.java:1590)
at org.testng.Assert.assertTrue(Assert.java:57)
at com.philippinestradedata.tests.ResponsivenessTest.testMobilePageLoadTime(ResponsivenessTest.java:63)
at java.base/jdk.internal.reflect.DirectMethodHandleAccessor.invoke(DirectMethodHandleAccessor.java:103)
at java.base/java.lang.reflect.Method.invoke(Method.java:580)
at org.testng.internal.invokers.MethodInvocationHelper.invokeMethod(MethodInvocationHelper.java:141)
at org.testng.internal.invokers.TestInvoker.invokeMethod(TestInvoker.java:687)
at org.testng.internal.invokers.TestInvoker.invokeTestMethod(TestInvoker.java:230)
at org.testng.internal.invokers.MethodRunner.runInSequence(MethodRunner.java:63)
at org.testng.internal.invokers.TestInvoker$MethodInvocationAgent.invoke(TestInvoker.java:995)
at org.testng.internal.invokers.TestInvoker.invokeTestMethods(TestInvoker.java:203)
at org.testng.internal.invokers.TestMethodWorker.invokeTestMethods(TestMethodWorker.java:154)
at org.testng.internal.invokers.TestMethodWorker.run(TestMethodWorker.java:134)
at java.base/java.util.ArrayList.forEach(ArrayList.java:1596)
at org.testng.TestRunner.privateRun(TestRunner.java:741)
at org.testng.TestRunner.run(TestRunner.java:616)
at org.testng.SuiteRunner.runTest(SuiteRunner.java:421)
at org.testng.SuiteRunner.runSequentially(SuiteRunner.java:413)
at org.testng.SuiteRunner.privateRun(SuiteRunner.java:373)
at org.testng.SuiteRunner.run(SuiteRunner.java:312)
at org.testng.SuiteRunnerWorker.runSuite(SuiteRunnerWorker.java:52)
at org.testng.SuiteRunnerWorker.run(SuiteRunnerWorker.java:95)
at org.testng.TestNG.runSuitesSequentially(TestNG.java:1274)
at org.testng.TestNG.runSuitesLocally(TestNG.java:1208)
at org.testng.TestNG.runSuites(TestNG.java:1112)
at org.testng.TestNG.run(TestNG.java:1079)
at org.testng.remote.AbstractRemoteTestNG.run(AbstractRemoteTestNG.java:115)
at org.testng.remote.RemoteTestNG.initAndRun(RemoteTestNG.java:293)
at org.testng.remote.RemoteTestNG.main(RemoteTestNG.java:91)
]]>
            </full-stacktrace>
          </exception> <!-- java.lang.AssertionError -->
          <reporter-output>
          </reporter-output>
        </test-method> <!-- testMobilePageLoadTime -->
        <test-method is-config="true" signature="tearDown(org.testng.ITestResult)[pri:0, instance:com.philippinestradedata.tests.ResponsivenessTest@279fedbd]" started-at="2026-02-05T17:18:38 IST" name="tearDown" finished-at="2026-02-05T17:18:39 IST" duration-ms="564" status="PASS">
          <params>
            <param index="0">
              <value>
                <![CDATA[[TestResult name=testMobilePageLoadTime status=FAILURE method=ResponsivenessTest.testMobilePageLoadTime()[pri:2, instance:com.philippinestradedata.tests.ResponsivenessTest@279fedbd] output={null}]]]>
              </value>
            </param>
          </params>
          <reporter-output>
          </reporter-output>
        </test-method> <!-- tearDown -->
        <test-method is-config="true" signature="setUp(java.lang.reflect.Method)[pri:0, instance:com.philippinestradedata.tests.ResponsivenessTest@279fedbd]" started-at="2026-02-05T17:18:39 IST" name="setUp" finished-at="2026-02-05T17:18:40 IST" duration-ms="1341" status="PASS">
          <params>
            <param index="0">
              <value>
                <![CDATA[public void com.philippinestradedata.tests.ResponsivenessTest.testNavigationLinks()]]>
              </value>
            </param>
          </params>
          <reporter-output>
          </reporter-output>
        </test-method> <!-- setUp -->
        <test-method signature="testNavigationLinks()[pri:3, instance:com.philippinestradedata.tests.ResponsivenessTest@279fedbd]" started-at="2026-02-05T17:18:40 IST" name="testNavigationLinks" description="Test navigation links" finished-at="2026-02-05T17:18:49 IST" duration-ms="8917" status="PASS">
          <reporter-output>
          </reporter-output>
        </test-method> <!-- testNavigationLinks -->
        <test-method is-config="true" signature="tearDown(org.testng.ITestResult)[pri:0, instance:com.philippinestradedata.tests.ResponsivenessTest@279fedbd]" started-at="2026-02-05T17:18:49 IST" name="tearDown" finished-at="2026-02-05T17:18:50 IST" duration-ms="629" status="PASS">
          <params>
            <param index="0">
              <value>
                <![CDATA[[TestResult name=testNavigationLinks status=SUCCESS method=ResponsivenessTest.testNavigationLinks()[pri:3, instance:com.philippinestradedata.tests.ResponsivenessTest@279fedbd] output={null}]]]>
              </value>
            </param>
          </params>
          <reporter-output>
          </reporter-output>
        </test-method> <!-- tearDown -->
        <test-method is-config="true" signature="setUp(java.lang.reflect.Method)[pri:0, instance:com.philippinestradedata.tests.ResponsivenessTest@279fedbd]" started-at="2026-02-05T17:18:50 IST" name="setUp" finished-at="2026-02-05T17:18:51 IST" duration-ms="1363" status="PASS">
          <params>
            <param index="0">
              <value>
                <![CDATA[public void com.philippinestradedata.tests.ResponsivenessTest.testResponsiveDesignChecks()]]>
              </value>
            </param>
          </params>
          <reporter-output>
          </reporter-output>
        </test-method> <!-- setUp -->
        <test-method signature="testResponsiveDesignChecks()[pri:4, instance:com.philippinestradedata.tests.ResponsivenessTest@279fedbd]" started-at="2026-02-05T17:18:51 IST" name="testResponsiveDesignChecks" description="Test responsive design using JavaScript checks" finished-at="2026-02-05T17:18:59 IST" duration-ms="8072" status="PASS">
          <reporter-output>
          </reporter-output>
        </test-method> <!-- testResponsiveDesignChecks -->
        <test-method is-config="true" signature="tearDown(org.testng.ITestResult)[pri:0, instance:com.philippinestradedata.tests.ResponsivenessTest@279fedbd]" started-at="2026-02-05T17:18:59 IST" name="tearDown" finished-at="2026-02-05T17:19:00 IST" duration-ms="903" status="PASS">
          <params>
            <param index="0">
              <value>
                <![CDATA[[TestResult name=testResponsiveDesignChecks status=SUCCESS method=ResponsivenessTest.testResponsiveDesignChecks()[pri:4, instance:com.philippinestradedata.tests.ResponsivenessTest@279fedbd] output={null}]]]>
              </value>
            </param>
          </params>
          <reporter-output>
          </reporter-output>
        </test-method> <!-- tearDown -->
        <test-method is-config="true" signature="setUp(java.lang.reflect.Method)[pri:0, instance:com.philippinestradedata.tests.ResponsivenessTest@279fedbd]" started-at="2026-02-05T17:19:00 IST" name="setUp" finished-at="2026-02-05T17:19:02 IST" duration-ms="1487" status="PASS">
          <params>
            <param index="0">
              <value>
                <![CDATA[public void com.philippinestradedata.tests.ResponsivenessTest.testElementVisibility()]]>
              </value>
            </param>
          </params>
          <reporter-output>
          </reporter-output>
        </test-method> <!-- setUp -->
        <test-method signature="testElementVisibility()[pri:5, instance:com.philippinestradedata.tests.ResponsivenessTest@279fedbd]" started-at="2026-02-05T17:19:02 IST" name="testElementVisibility" description="Test element visibility across devices" finished-at="2026-02-05T17:19:04 IST" duration-ms="2771" status="FAIL">
          <exception class="java.lang.AssertionError">
            <message>
              <![CDATA[h2 should be visible on mobile expected [true] but found [false]]]>
            </message>
            <full-stacktrace>
              <![CDATA[java.lang.AssertionError: h2 should be visible on mobile expected [true] but found [false]
at org.testng.Assert.fail(Assert.java:111)
at org.testng.Assert.failNotEquals(Assert.java:1590)
at org.testng.Assert.assertTrue(Assert.java:57)
at com.philippinestradedata.tests.ResponsivenessTest.testElementVisibility(ResponsivenessTest.java:262)
at java.base/jdk.internal.reflect.DirectMethodHandleAccessor.invoke(DirectMethodHandleAccessor.java:103)
at java.base/java.lang.reflect.Method.invoke(Method.java:580)
at org.testng.internal.invokers.MethodInvocationHelper.invokeMethod(MethodInvocationHelper.java:141)
at org.testng.internal.invokers.TestInvoker.invokeMethod(TestInvoker.java:687)
at org.testng.internal.invokers.TestInvoker.invokeTestMethod(TestInvoker.java:230)
at org.testng.internal.invokers.MethodRunner.runInSequence(MethodRunner.java:63)
at org.testng.internal.invokers.TestInvoker$MethodInvocationAgent.invoke(TestInvoker.java:995)
at org.testng.internal.invokers.TestInvoker.invokeTestMethods(TestInvoker.java:203)
at org.testng.internal.invokers.TestMethodWorker.invokeTestMethods(TestMethodWorker.java:154)
at org.testng.internal.invokers.TestMethodWorker.run(TestMethodWorker.java:134)
at java.base/java.util.ArrayList.forEach(ArrayList.java:1596)
at org.testng.TestRunner.privateRun(TestRunner.java:741)
at org.testng.TestRunner.run(TestRunner.java:616)
at org.testng.SuiteRunner.runTest(SuiteRunner.java:421)
at org.testng.SuiteRunner.runSequentially(SuiteRunner.java:413)
at org.testng.SuiteRunner.privateRun(SuiteRunner.java:373)
at org.testng.SuiteRunner.run(SuiteRunner.java:312)
at org.testng.SuiteRunnerWorker.runSuite(SuiteRunnerWorker.java:52)
at org.testng.SuiteRunnerWorker.run(SuiteRunnerWorker.java:95)
at org.testng.TestNG.runSuitesSequentially(TestNG.java:1274)
at org.testng.TestNG.runSuitesLocally(TestNG.java:1208)
at org.testng.TestNG.runSuites(TestNG.java:1112)
at org.testng.TestNG.run(TestNG.java:1079)
at org.testng.remote.AbstractRemoteTestNG.run(AbstractRemoteTestNG.java:115)
at org.testng.remote.RemoteTestNG.initAndRun(RemoteTestNG.java:293)
at org.testng.remote.RemoteTestNG.main(RemoteTestNG.java:91)
]]>
            </full-stacktrace>
          </exception> <!-- java.lang.AssertionError -->
          <reporter-output>
          </reporter-output>
        </test-method> <!-- testElementVisibility -->
        <test-method is-config="true" signature="tearDown(org.testng.ITestResult)[pri:0, instance:com.philippinestradedata.tests.ResponsivenessTest@279fedbd]" started-at="2026-02-05T17:19:04 IST" name="tearDown" finished-at="2026-02-05T17:19:05 IST" duration-ms="583" status="PASS">
          <params>
            <param index="0">
              <value>
                <![CDATA[[TestResult name=testElementVisibility status=FAILURE method=ResponsivenessTest.testElementVisibility()[pri:5, instance:com.philippinestradedata.tests.ResponsivenessTest@279fedbd] output={null}]]]>
              </value>
            </param>
          </params>
          <reporter-output>
          </reporter-output>
        </test-method> <!-- tearDown -->
        <test-method is-config="true" signature="setUp(java.lang.reflect.Method)[pri:0, instance:com.philippinestradedata.tests.ResponsivenessTest@279fedbd]" started-at="2026-02-05T17:19:05 IST" name="setUp" finished-at="2026-02-05T17:19:06 IST" duration-ms="1342" status="PASS">
          <params>
            <param index="0">
              <value>
                <![CDATA[public void com.philippinestradedata.tests.ResponsivenessTest.testTouchFriendlyElements()]]>
              </value>
            </param>
          </params>
          <reporter-output>
          </reporter-output>
        </test-method> <!-- setUp -->
        <test-method signature="testTouchFriendlyElements()[pri:6, instance:com.philippinestradedata.tests.ResponsivenessTest@279fedbd]" started-at="2026-02-05T17:19:06 IST" name="testTouchFriendlyElements" description="Test touch-friendly elements on mobile" finished-at="2026-02-05T17:19:10 IST" duration-ms="3497" status="PASS">
          <reporter-output>
          </reporter-output>
        </test-method> <!-- testTouchFriendlyElements -->
        <test-method is-config="true" signature="tearDown(org.testng.ITestResult)[pri:0, instance:com.philippinestradedata.tests.ResponsivenessTest@279fedbd]" started-at="2026-02-05T17:19:10 IST" name="tearDown" finished-at="2026-02-05T17:19:10 IST" duration-ms="296" status="PASS">
          <params>
            <param index="0">
              <value>
                <![CDATA[[TestResult name=testTouchFriendlyElements status=SUCCESS method=ResponsivenessTest.testTouchFriendlyElements()[pri:6, instance:com.philippinestradedata.tests.ResponsivenessTest@279fedbd] output={null}]]]>
              </value>
            </param>
          </params>
          <reporter-output>
          </reporter-output>
        </test-method> <!-- tearDown -->
        <test-method is-config="true" signature="afterSuite()[pri:0, instance:com.philippinestradedata.tests.ResponsivenessTest@279fedbd]" started-at="2026-02-05T17:19:10 IST" name="afterSuite" finished-at="2026-02-05T17:19:10 IST" duration-ms="2" status="PASS">
          <reporter-output>
          </reporter-output>
        </test-method> <!-- afterSuite -->
      </class> <!-- com.philippinestradedata.tests.ResponsivenessTest -->
    </test> <!-- Default test -->
  </suite> <!-- Default suite -->
</testng-results>
