<?xml version="1.0" encoding="UTF-8"?>
<!-- Generated by org.testng.reporters.JUnitXMLReporter -->
<testsuite ignored="0" hostname="DESKTOP-F5U4Q5S" failures="0" tests="6" name="Test" time="15.707" errors="0" timestamp="2025-12-19T07:59:29 IST">
  <testcase classname="types_of_execution.Demo1" name="case11" time="3.34"/>
  <testcase classname="types_of_execution.Demo1" name="case12" time="2.314"/>
  <testcase classname="types_of_execution.Demo1" name="case13" time="2.728"/>
  <testcase classname="types_of_execution.Demo2" name="case21" time="2.167"/>
  <testcase classname="types_of_execution.Demo2" name="case22" time="2.357"/>
  <testcase classname="types_of_execution.Demo2" name="case23" time="2.724"/>
</testsuite> <!-- Test -->
