<?xml version="1.0" encoding="UTF-8"?>
<!-- Generated by org.testng.reporters.JUnitReportReporter -->
<testsuite hostname="DESKTOP-F5U4Q5S" failures="0" tests="3" name="types_of_execution.Demo3" time="14.079" errors="0" timestamp="2025-12-18T21:44:00 IST" skipped="0">
  <testcase classname="types_of_execution.Demo3" name="case32" time="6.041"/>
  <testcase classname="types_of_execution.Demo3" name="case33" time="3.244"/>
  <testcase classname="types_of_execution.Demo3" name="case31" time="4.794"/>
</testsuite> <!-- types_of_execution.Demo3 -->
