<?xml version="1.0" encoding="UTF-8"?>
<!-- Generated by org.testng.reporters.JUnitReportReporter -->
<testsuite hostname="DESKTOP-F5U4Q5S" failures="0" tests="3" name="types_of_execution.Demo2" time="7.248" errors="0" timestamp="2025-12-19T07:59:29 IST" skipped="0">
  <testcase classname="types_of_execution.Demo2" name="case23" time="2.724"/>
  <testcase classname="types_of_execution.Demo2" name="case22" time="2.357"/>
  <testcase classname="types_of_execution.Demo2" name="case21" time="2.167"/>
</testsuite> <!-- types_of_execution.Demo2 -->
