<?xml version="1.0" encoding="UTF-8"?>
<!-- Generated by org.testng.reporters.JUnitReportReporter -->
<testsuite hostname="DESKTOP-F5U4Q5S" failures="0" tests="3" name="types_of_execution.Demo1" time="8.382" errors="0" timestamp="2025-12-19T07:59:29 IST" skipped="0">
  <testcase classname="types_of_execution.Demo1" name="case12" time="2.314"/>
  <testcase classname="types_of_execution.Demo1" name="case11" time="3.340"/>
  <testcase classname="types_of_execution.Demo1" name="case13" time="2.728"/>
</testsuite> <!-- types_of_execution.Demo1 -->
